[Thu Mar 19 00:26:56 2026] Reviewed 20260319_280769b4: publish
[Thu Mar 19 01:39:31 2026] Reviewed 20260319_31ae8321: publish
[Thu Mar 19 01:39:36 2026] Reviewed 20260319_70b54477: publish
[Thu Mar 19 04:03:45 2026] Failed review for 20260319_f71d1801: [Errno 2] No such file or directory: 'openclaw'
[Thu Mar 19 04:30:21 2026] Reviewed 20260319_f71d1801: publish
[Thu Mar 19 08:08:05 2026] Reviewed 20260319_2af9c34a: publish
[Thu Mar 19 08:31:10 2026] Reviewed 20260319_7ad48ee8: publish
[Thu Mar 19 08:31:18 2026] Reviewed 20260319_89e6912f: publish
[Thu Mar 19 08:34:01 2026] Reviewed 20260319_8b601803: publish
[Fri Mar 20 04:04:09 2026] Failed review for 20260320_d321d756: [Errno 2] No such file or directory: 'openclaw'
[Sat Mar 21 00:43:30 2026] Reviewed 20260320_d321d756: quick_edit
[Sat Mar 21 00:43:50 2026] Reviewed 20260321_938dbbbc: quick_edit
[Sat Mar 21 00:44:10 2026] Reviewed 20260320_ac01556c: quick_edit
[Sat Mar 21 10:49:04 2026] Reviewed 20260321_bfb389fa: quick_edit
[Sat Mar 21 10:49:21 2026] Reviewed 20260321_ba99cd4b: quick_edit
[Sat Mar 21 11:47:55 2026] Reviewed test_task: quick_edit
[Sat Mar 21 11:50:54 2026] Reviewed test_20260321_abc123: quick_edit
[Sat Mar 21 11:52:24 2026] Reviewed 20260321_8af3933a: quick_edit
[Sat Mar 21 11:59:40 2026] Reviewed fix_test_1774108652: quick_edit
[Sat Mar 21 11:59:54 2026] Reviewed test_1774108530: quick_edit
[Sat Mar 21 12:33:36 2026] Reviewed test_topic.env_management: publish
[Sat Mar 21 12:56:04 2026] Reviewed 20260321_e2e_test_cors: quick_edit
[Sat Mar 21 12:56:21 2026] Reviewed 20260321_a6b320ca: quick_edit
[Sat Mar 21 13:26:16 2026] Reviewed 20260321_ae816679: quick_edit
[Sat Mar 21 14:48:21 2026] Reviewed test_20260321_e2e001: quick_edit
[Sun Mar 22 04:00:06 2026] Failed review for test_premium_ui: [Errno 2] No such file or directory: 'openclaw'
[Sun Mar 22 04:00:06 2026] Failed review for jwt-none-algorithm-master: [Errno 2] No such file or directory: 'openclaw'
[Sun Mar 22 04:00:06 2026] Failed review for base64-master: [Errno 2] No such file or directory: 'openclaw'
[Sun Mar 22 04:00:06 2026] Failed review for test_enhancer_kimi: [Errno 2] No such file or directory: 'openclaw'
[Sun Mar 22 04:00:08 2026] Failed review for test_premium_ui: [Errno 2] No such file or directory: 'openclaw'
[Sun Mar 22 04:00:08 2026] Failed review for jwt-none-algorithm-master: [Errno 2] No such file or directory: 'openclaw'
[Sun Mar 22 04:00:08 2026] Failed review for base64-master: [Errno 2] No such file or directory: 'openclaw'
[Sun Mar 22 04:00:08 2026] Failed review for test_enhancer_kimi: [Errno 2] No such file or directory: 'openclaw'
[Sun Mar 22 04:00:10 2026] Failed review for test_premium_ui: [Errno 2] No such file or directory: 'openclaw'
[Sun Mar 22 04:00:10 2026] Failed review for jwt-none-algorithm-master: [Errno 2] No such file or directory: 'openclaw'
[Sun Mar 22 04:00:10 2026] Failed review for base64-master: [Errno 2] No such file or directory: 'openclaw'
[Sun Mar 22 04:00:10 2026] Failed review for test_enhancer_kimi: [Errno 2] No such file or directory: 'openclaw'
[Sun Mar 22 04:00:12 2026] Failed review for test_premium_ui: [Errno 2] No such file or directory: 'openclaw'
[Sun Mar 22 04:00:12 2026] Failed review for jwt-none-algorithm-master: [Errno 2] No such file or directory: 'openclaw'
[Sun Mar 22 04:00:12 2026] Failed review for base64-master: [Errno 2] No such file or directory: 'openclaw'
[Sun Mar 22 04:00:12 2026] Failed review for test_enhancer_kimi: [Errno 2] No such file or directory: 'openclaw'
[Sun Mar 22 04:00:14 2026] Failed review for test_premium_ui: [Errno 2] No such file or directory: 'openclaw'
[Sun Mar 22 04:00:14 2026] Failed review for jwt-none-algorithm-master: [Errno 2] No such file or directory: 'openclaw'
[Sun Mar 22 04:00:14 2026] Failed review for base64-master: [Errno 2] No such file or directory: 'openclaw'
[Sun Mar 22 04:00:14 2026] Failed review for test_enhancer_kimi: [Errno 2] No such file or directory: 'openclaw'
[Sun Mar 22 04:01:04 2026] Failed review for test_premium_ui: [Errno 2] No such file or directory: 'openclaw'
[Sun Mar 22 04:01:04 2026] Failed review for jwt-none-algorithm-master: [Errno 2] No such file or directory: 'openclaw'
[Sun Mar 22 04:01:04 2026] Failed review for base64-master: [Errno 2] No such file or directory: 'openclaw'
[Sun Mar 22 04:01:04 2026] Failed review for test_enhancer_kimi: [Errno 2] No such file or directory: 'openclaw'
[Sun Mar 22 08:06:04 2026] Reviewed test_premium_ui: quick_edit
[Sun Mar 22 08:06:23 2026] Reviewed jwt-none-algorithm-master: publish
[Sun Mar 22 08:06:37 2026] Reviewed 20260322_94236865: publish
[Sun Mar 22 08:07:02 2026] Reviewed base64-master: publish
[Sun Mar 22 08:07:18 2026] Reviewed 20260322_8f096bb8: publish
[Sun Mar 22 08:07:38 2026] Reviewed test_enhancer_kimi: reject
[Sun Mar 22 08:12:57 2026] Failed review for 20260322_8ebcaaab: [Errno 2] No such file or directory: 'openclaw'
[Sun Mar 22 08:20:01 2026] Failed review for 20260322_8ebcaaab: [Errno 2] No such file or directory: 'openclaw'
[Sun Mar 22 08:35:01 2026] Failed review for 20260322_8ebcaaab: [Errno 2] No such file or directory: 'openclaw'
[Sun Mar 22 09:00:01 2026] Failed review for 20260322_8ebcaaab: [Errno 2] No such file or directory: 'openclaw'
[Sun Mar 22 09:25:01 2026] Failed review for 20260322_8ebcaaab: [Errno 2] No such file or directory: 'openclaw'
