[Thu Mar 19 00:26:58 2026] Notified 20260319_280769b4
[Thu Mar 19 01:39:39 2026] Notified 20260319_70b54477
[Thu Mar 19 01:39:39 2026] Notified 20260319_31ae8321
[Thu Mar 19 04:30:25 2026] Notified 20260319_f71d1801
[Thu Mar 19 08:08:07 2026] Notified 20260319_2af9c34a
[Thu Mar 19 08:31:20 2026] Notified 20260319_89e6912f
[Thu Mar 19 08:31:21 2026] Notified 20260319_7ad48ee8
[Thu Mar 19 08:34:03 2026] Notified 20260319_8b601803
[Sat Mar 21 00:44:12 2026] Notified 20260321_938dbbbc
[Sat Mar 21 00:44:13 2026] Notified 20260320_ac01556c
[Sat Mar 21 00:44:13 2026] Notified 20260320_d321d756
[Sat Mar 21 10:49:23 2026] Notified 20260321_bfb389fa
[Sat Mar 21 10:49:23 2026] Notified 20260321_ba99cd4b
[Sat Mar 21 11:47:55 2026] Notified test_task
[Sat Mar 21 11:50:54 2026] Notified test_20260321_abc123
[Sat Mar 21 11:52:24 2026] Notified 20260321_8af3933a
[Sat Mar 21 11:59:55 2026] Notified test_1774108530
[Sat Mar 21 11:59:55 2026] Notified fix_test_1774108652
[Sat Mar 21 12:33:36 2026] Notified test_topic.env_management
[Sat Mar 21 12:56:21 2026] Notified 20260321_e2e_test_cors
[Sat Mar 21 12:56:22 2026] Notified 20260321_a6b320ca
[Sat Mar 21 13:26:16 2026] Notified 20260321_ae816679
[Sat Mar 21 14:48:22 2026] Notified test_20260321_e2e001
[Sun Mar 22 08:07:38 2026] Notified 20260322_94236865
[Sun Mar 22 08:07:39 2026] Notified test_enhancer_kimi
[Sun Mar 22 08:07:39 2026] Notified jwt-none-algorithm-master
[Sun Mar 22 08:07:39 2026] Notified test_premium_ui
[Sun Mar 22 08:07:40 2026] Notified 20260322_8f096bb8
[Sun Mar 22 08:07:40 2026] Notified base64-master
