[Thu Mar 19 00:31:40 2026] Rework triggered for 20260319_280769b4: remove the markdown hyperlink from the title
[Thu Mar 19 07:43:02 2026] Rework triggered for 20260319_f71d1801: please do not write the same article again and again
[Thu Mar 19 08:38:32 2026] Approved and triggered 20260319_7ad48ee8
[Thu Mar 19 08:41:18 2026] Rework triggered for 20260319_8b601803: remove 2026 from the title
[Sat Mar 21 09:12:48 2026] Rework triggered for 20260321_938dbbbc: Fix red flags: Content is too generic and reads like a template, lacking specific real-world examples, vendor callouts, or a unique angle.
[Sat Mar 21 09:12:48 2026] Rework triggered for 20260320_ac01556c: Fix red flags: Title lacks click-through appeal and reads like an academic paper. Introduction front-loads jargon before providing a clear hook.
[Sat Mar 21 09:12:48 2026] Rework triggered for 20260320_d321d756: Fix red flags: The target keyword 'security tool' is absent. Title is too long and academic. Introduction is too technical.
[Sat Mar 21 11:50:42 2026] Approved and triggered 20260321_ba99cd4b
[Sat Mar 21 11:52:17 2026] Rework triggered for test_20260321_abc123: Red Flags: Introduction lacks compelling hook (add stat/breach example). No specific real-world case study, enterprise example, or named platform. Conclusion is generic. Sections (WAF convergence, machine identity governance) need concrete vendor/platform examples.
[Sat Mar 21 11:54:57 2026] Rework triggered for test_20260321_abc123: Red Flags (仍存在): Introduction lacks compelling hook (add stat/breach example). No specific real-world case study, enterprise example, or named platform referenced to ground the concepts. Conclusion is generic. Sections (WAF convergence, machine identity governance) need concrete vendor/platform examples.
[Sat Mar 21 12:04:04 2026] Rework triggered for test_20260321_abc123: Red Flags (仍未修复，再次强调): Introduction lacks compelling hook (add stat/breach example). No specific real-world case study, enterprise example, or named platform referenced to ground the concepts. Conclusion is generic. Sections (WAF convergence, machine identity governance) need concrete vendor/platform examples.
[Sat Mar 21 12:34:02 2026] Approved test_topic.env_management -> enhance_ready
[Sat Mar 21 12:34:30 2026] Enhancer triggered for test_topic.env_management
[Sat Mar 21 12:59:33 2026] Approved 20260321_a6b320ca -> enhance_ready
[Sat Mar 21 12:59:40 2026] Enhancer triggered for 20260321_a6b320ca
[Sat Mar 21 13:27:26 2026] Approved 20260321_ae816679 -> enhance_ready
[Sat Mar 21 13:27:36 2026] Enhancer triggered for 20260321_ae816679
[Sat Mar 21 21:30:09 2026] Approved 20260320_d321d756 -> enhance_ready
[Sat Mar 21 21:30:17 2026] Enhancer triggered for 20260320_d321d756
[Sat Mar 21 21:51:46 2026] Approved 20260319_8b601803 -> enhance_ready
[Sat Mar 21 21:51:53 2026] Enhancer triggered for 20260319_8b601803
[Sat Mar 21 22:21:23 2026] Approved test_20260321_abc123 -> enhance_ready
[Sat Mar 21 22:21:35 2026] Enhancer triggered for test_20260321_abc123
[Sat Mar 21 22:47:28 2026] Approved 20260321_938dbbbc -> enhance_ready
[Sun Mar 22 08:15:04 2026] Approved 20260322_8f096bb8 -> enhance_ready
[Sun Mar 22 08:15:04 2026] Enhancer triggered for 20260322_8f096bb8
