[Sat Mar 21 12:34:02 2026] Enhancing test_topic.env_management...
[Sat Mar 21 12:34:30 2026] SUCCESS: Enhanced test_topic.env_management -> publish_ready
[Sat Mar 21 12:34:30 2026] Enhancer run complete.
[Sat Mar 21 12:57:31 2026] Enhancing 20260321_e2e_test_cors...
[Sat Mar 21 12:57:40 2026] SUCCESS: Enhanced 20260321_e2e_test_cors -> publish_ready
[Sat Mar 21 12:57:40 2026] Enhancer run complete.
[Sat Mar 21 12:59:33 2026] Enhancing 20260321_a6b320ca...
[Sat Mar 21 12:59:40 2026] SUCCESS: Enhanced 20260321_a6b320ca -> publish_ready
[Sat Mar 21 12:59:40 2026] Enhancer run complete.
[Sat Mar 21 13:27:15 2026] Enhancer run complete.
[Sat Mar 21 13:27:26 2026] Enhancing 20260321_ae816679...
[Sat Mar 21 13:27:36 2026] SUCCESS: Enhanced 20260321_ae816679 -> publish_ready
[Sat Mar 21 13:27:36 2026] Enhancer run complete.
[Sat Mar 21 21:30:09 2026] Enhancing 20260320_d321d756...
[Sat Mar 21 21:30:17 2026] SUCCESS: Enhanced 20260320_d321d756 -> publish_ready
[Sat Mar 21 21:30:17 2026] Enhancer run complete.
[Sat Mar 21 21:51:46 2026] Enhancing 20260319_8b601803...
[Sat Mar 21 21:51:53 2026] SUCCESS: Enhanced 20260319_8b601803 -> publish_ready
[Sat Mar 21 21:51:53 2026] Enhancer run complete.
[Sat Mar 21 22:15:59 2026] Enhancing test_enhancer_kimi...
[Sat Mar 21 22:17:40 2026] Skipping test_enhancer_kimi: could not acquire lock
[Sat Mar 21 22:17:40 2026] Enhancer run complete.
[Sat Mar 21 22:17:55 2026] Skipping test_enhancer_kimi: could not acquire lock
[Sat Mar 21 22:17:55 2026] Enhancer run complete.
[Sat Mar 21 22:18:13 2026] Enhancing test_enhancer_kimi...
[Sat Mar 21 22:18:22 2026] ERROR: Enhancer returned empty or unwrapped article content for test_enhancer_kimi
[Sat Mar 21 22:18:22 2026] Enhancer run complete.
[Sat Mar 21 22:18:35 2026] Enhancing test_enhancer_kimi...
[Sat Mar 21 22:18:43 2026] SUCCESS: Enhanced test_enhancer_kimi -> publish_ready
[Sat Mar 21 22:18:43 2026] Enhancer run complete.
[Sat Mar 21 22:20:59 2026] ERROR: Enhancer timed out for test_enhancer_kimi
[Sat Mar 21 22:20:59 2026] Enhancer run complete.
[Sat Mar 21 22:21:23 2026] Enhancing test_20260321_abc123...
[Sat Mar 21 22:21:35 2026] SUCCESS: Enhanced test_20260321_abc123 -> publish_ready
[Sat Mar 21 22:21:35 2026] Enhancer run complete.
[Sat Mar 21 22:44:19 2026] Enhancing test_premium_ui...
[Sat Mar 21 22:44:36 2026] SUCCESS: Enhanced test_premium_ui -> publish_ready
[Sat Mar 21 22:44:36 2026] Enhancer run complete.
[Sat Mar 21 22:47:28 2026] Enhancing 20260321_938dbbbc...
[Sat Mar 21 22:50:24 2026] Enhancing 20260321_938dbbbc...
[Sat Mar 21 22:50:55 2026] SUCCESS: Enhanced 20260321_938dbbbc -> publish_ready
[Sat Mar 21 22:50:55 2026] Enhancer run complete.
[Sat Mar 21 23:40:17 2026] Enhancing jwt-none-algorithm-master...
[Sat Mar 21 23:40:46 2026] SUCCESS: Enhanced jwt-none-algorithm-master -> publish_ready
[Sat Mar 21 23:40:46 2026] Enhancing base64-master...
[Sat Mar 21 23:41:25 2026] SUCCESS: Enhanced base64-master -> publish_ready
[Sat Mar 21 23:41:25 2026] Enhancer run complete.
[Sat Mar 21 23:47:47 2026] Enhancing jwt-none-algorithm-master...
[Sat Mar 21 23:47:58 2026] SUCCESS: Enhanced jwt-none-algorithm-master -> publish_ready
[Sat Mar 21 23:47:58 2026] Enhancing base64-master...
[Sat Mar 21 23:48:16 2026] SUCCESS: Enhanced base64-master -> publish_ready
[Sat Mar 21 23:48:16 2026] Enhancer run complete.
[Sat Mar 21 23:48:32 2026] Enhancing base64-master...
[Sat Mar 21 23:48:41 2026] SUCCESS: Enhanced base64-master -> publish_ready
[Sat Mar 21 23:48:41 2026] Enhancer run complete.
[Sun Mar 22 08:15:04 2026] Enhancing 20260322_8f096bb8...
[Sun Mar 22 08:15:16 2026] SUCCESS: Enhanced 20260322_8f096bb8 -> publish_ready
[Sun Mar 22 08:15:16 2026] Enhancer run complete.
