Thu Mar 19 08:38:31 2026 - Task 20260319_2af9c34a skipped: Explicitly Rejected
Thu Mar 19 08:38:31 2026 - Task 20260319_f71d1801 skipped: Review file missing
Thu Mar 19 08:38:31 2026 - Task 20260319_89e6912f skipped: Explicitly Rejected
Thu Mar 19 08:38:32 2026 - Task 20260319_31ae8321 skipped: Review file missing
Thu Mar 19 08:38:32 2026 - Task 20260319_8b601803 skipped: Review file missing
Thu Mar 19 08:38:32 2026 - Task 20260319_70b54477 skipped: Review file missing
Sat Mar 21 11:50:41 2026 - Task 20260319_2af9c34a skipped: Explicitly Rejected
Sat Mar 21 11:50:41 2026 - Task 20260319_f71d1801 skipped: Review file missing
Sat Mar 21 11:50:41 2026 - Task 20260319_89e6912f skipped: Explicitly Rejected
Sat Mar 21 11:50:41 2026 - Task 20260320_ac01556c skipped: Review file missing
Sat Mar 21 11:50:41 2026 - Task test_20260321_abc123 skipped: Review file missing
Sat Mar 21 11:50:41 2026 - Task 20260319_31ae8321 skipped: Review file missing
Sat Mar 21 11:50:41 2026 - Task test_task skipped: Review file missing
Sat Mar 21 11:50:41 2026 - Task 20260321_938dbbbc skipped: Review file missing
Sat Mar 21 11:50:41 2026 - Task 20260319_8b601803 skipped: Review file missing
Sat Mar 21 11:50:41 2026 - Task 20260320_d321d756 skipped: Review file missing
Sat Mar 21 11:50:41 2026 - Task 20260321_bfb389fa skipped: Review file missing
Sat Mar 21 11:50:42 2026 - Task 20260319_70b54477 skipped: Review file missing
Sat Mar 21 12:35:28 2026 - Task fix_test_1774108652 skipped: Explicitly Rejected
Sat Mar 21 12:35:28 2026 - Task 20260319_2af9c34a skipped: Explicitly Rejected
Sat Mar 21 12:35:28 2026 - Task 20260319_f71d1801 skipped: Review file missing
Sat Mar 21 12:35:28 2026 - Task 20260319_89e6912f skipped: Explicitly Rejected
Sat Mar 21 12:35:28 2026 - Task 20260320_ac01556c skipped: Review file missing
Sat Mar 21 12:35:28 2026 - Task test_20260321_abc123 skipped: Review file missing
Sat Mar 21 12:35:28 2026 - Task 20260319_31ae8321 skipped: Review file missing
Sat Mar 21 12:35:28 2026 - Task 20260321_8af3933a skipped: Explicitly Rejected
Sat Mar 21 12:35:28 2026 - Task test_task skipped: Review file missing
Sat Mar 21 12:35:28 2026 - Task 20260321_938dbbbc skipped: Review file missing
Sat Mar 21 12:35:28 2026 - Task 20260319_8b601803 skipped: Review file missing
Sat Mar 21 12:35:28 2026 - Task 20260320_d321d756 skipped: Review file missing
Sat Mar 21 12:35:28 2026 - Task 20260321_bfb389fa skipped: Review file missing
Sat Mar 21 12:35:29 2026 - Task 20260319_70b54477 skipped: Review file missing
Sat Mar 21 12:35:29 2026 - Task test_1774108530 skipped: Explicitly Rejected
Sat Mar 21 12:58:01 2026 - Task fix_test_1774108652 skipped: Explicitly Rejected
Sat Mar 21 12:58:01 2026 - Task 20260319_2af9c34a skipped: Explicitly Rejected
Sat Mar 21 12:58:01 2026 - Task 20260319_f71d1801 skipped: Review file missing
Sat Mar 21 12:58:01 2026 - Task 20260319_89e6912f skipped: Explicitly Rejected
Sat Mar 21 12:58:01 2026 - Task 20260320_ac01556c skipped: Review file missing
Sat Mar 21 12:58:01 2026 - Task test_20260321_abc123 skipped: Review file missing
Sat Mar 21 12:58:01 2026 - Task 20260319_31ae8321 skipped: Review file missing
Sat Mar 21 12:58:01 2026 - Task 20260321_8af3933a skipped: Explicitly Rejected
Sat Mar 21 12:58:01 2026 - Task test_task skipped: Review file missing
Sat Mar 21 12:58:01 2026 - Task 20260321_938dbbbc skipped: Review file missing
Sat Mar 21 12:58:01 2026 - Task 20260321_e2e_test_cors skipped: Review file missing
Sat Mar 21 12:58:01 2026 - Task 20260319_8b601803 skipped: Review file missing
Sat Mar 21 12:58:01 2026 - Task 20260320_d321d756 skipped: Review file missing
Sat Mar 21 12:58:01 2026 - Task 20260321_a6b320ca skipped: Review file missing
Sat Mar 21 12:58:01 2026 - Task 20260321_bfb389fa skipped: Review file missing
Sat Mar 21 12:58:01 2026 - Task 20260319_70b54477 skipped: Review file missing
Sat Mar 21 12:58:01 2026 - Task test_1774108530 skipped: Explicitly Rejected
Sat Mar 21 12:58:20 2026 - Task fix_test_1774108652 skipped: Explicitly Rejected
Sat Mar 21 12:58:20 2026 - Task 20260319_2af9c34a skipped: Explicitly Rejected
Sat Mar 21 12:58:20 2026 - Task 20260319_f71d1801 skipped: Review file missing
Sat Mar 21 12:58:20 2026 - Task 20260319_89e6912f skipped: Explicitly Rejected
Sat Mar 21 12:58:20 2026 - Task 20260320_ac01556c skipped: Review file missing
Sat Mar 21 12:58:20 2026 - Task test_20260321_abc123 skipped: Review file missing
Sat Mar 21 12:58:20 2026 - Task 20260319_31ae8321 skipped: Review file missing
Sat Mar 21 12:58:20 2026 - Task 20260321_8af3933a skipped: Explicitly Rejected
Sat Mar 21 12:58:20 2026 - Task test_task skipped: Review file missing
Sat Mar 21 12:58:20 2026 - Task 20260321_938dbbbc skipped: Review file missing
Sat Mar 21 12:58:20 2026 - Task 20260319_8b601803 skipped: Review file missing
Sat Mar 21 12:58:20 2026 - Task 20260320_d321d756 skipped: Review file missing
Sat Mar 21 12:58:20 2026 - Task 20260321_a6b320ca skipped: Review file missing
Sat Mar 21 12:58:20 2026 - Task 20260321_bfb389fa skipped: Review file missing
Sat Mar 21 12:58:20 2026 - Task 20260319_70b54477 skipped: Review file missing
Sat Mar 21 12:58:20 2026 - Task test_1774108530 skipped: Explicitly Rejected
Sat Mar 21 13:27:58 2026 - Task fix_test_1774108652 skipped: Explicitly Rejected
Sat Mar 21 13:27:58 2026 - Task 20260319_2af9c34a skipped: Explicitly Rejected
Sat Mar 21 13:27:58 2026 - Task 20260319_f71d1801 skipped: Review file missing
Sat Mar 21 13:27:58 2026 - Task 20260319_89e6912f skipped: Explicitly Rejected
Sat Mar 21 13:27:58 2026 - Task 20260320_ac01556c skipped: Review file missing
Sat Mar 21 13:27:58 2026 - Task test_20260321_abc123 skipped: Review file missing
Sat Mar 21 13:27:58 2026 - Task 20260319_31ae8321 skipped: Review file missing
Sat Mar 21 13:27:58 2026 - Task 20260321_8af3933a skipped: Explicitly Rejected
Sat Mar 21 13:27:58 2026 - Task test_task skipped: Review file missing
Sat Mar 21 13:27:58 2026 - Task 20260321_938dbbbc skipped: Review file missing
Sat Mar 21 13:27:58 2026 - Task 20260319_8b601803 skipped: Review file missing
Sat Mar 21 13:27:58 2026 - Task 20260320_d321d756 skipped: Review file missing
Sat Mar 21 13:27:59 2026 - Task 20260321_bfb389fa skipped: Review file missing
Sat Mar 21 13:28:00 2026 - Task 20260319_70b54477 skipped: Review file missing
Sat Mar 21 13:28:00 2026 - Task test_1774108530 skipped: Explicitly Rejected
Sat Mar 21 14:50:12 2026 - Task fix_test_1774108652 skipped: Explicitly Rejected
Sat Mar 21 14:50:12 2026 - Task 20260319_2af9c34a skipped: Explicitly Rejected
Sat Mar 21 14:50:12 2026 - Task 20260319_f71d1801 skipped: Review file missing
Sat Mar 21 14:50:12 2026 - Task 20260319_89e6912f skipped: Explicitly Rejected
Sat Mar 21 14:50:12 2026 - Task 20260320_ac01556c skipped: Review file missing
Sat Mar 21 14:50:12 2026 - Task test_20260321_abc123 skipped: Review file missing
Sat Mar 21 14:50:12 2026 - Task 20260319_31ae8321 skipped: Review file missing
Sat Mar 21 14:50:12 2026 - Task 20260321_8af3933a skipped: Explicitly Rejected
Sat Mar 21 14:50:12 2026 - Task test_task skipped: Review file missing
Sat Mar 21 14:50:12 2026 - Task 20260321_938dbbbc skipped: Review file missing
Sat Mar 21 14:50:12 2026 - Task test_20260321_e2e001 skipped: Not marked 'Publish Now'
Sat Mar 21 14:50:12 2026 - Task 20260319_8b601803 skipped: Review file missing
Sat Mar 21 14:50:12 2026 - Task 20260320_d321d756 skipped: Review file missing
Sat Mar 21 14:50:12 2026 - Task 20260321_bfb389fa skipped: Review file missing
Sat Mar 21 14:50:12 2026 - Task 20260319_70b54477 skipped: Review file missing
Sat Mar 21 14:50:12 2026 - Task test_1774108530 skipped: Explicitly Rejected
Sat Mar 21 14:50:54 2026 - Task fix_test_1774108652 skipped: Explicitly Rejected
Sat Mar 21 14:50:54 2026 - Task 20260319_2af9c34a skipped: Explicitly Rejected
Sat Mar 21 14:50:54 2026 - Task 20260319_f71d1801 skipped: Review file missing
Sat Mar 21 14:50:54 2026 - Task 20260319_89e6912f skipped: Explicitly Rejected
Sat Mar 21 14:50:54 2026 - Task 20260320_ac01556c skipped: Review file missing
Sat Mar 21 14:50:54 2026 - Task test_20260321_abc123 skipped: Review file missing
Sat Mar 21 14:50:54 2026 - Task 20260319_31ae8321 skipped: Review file missing
Sat Mar 21 14:50:54 2026 - Task 20260321_8af3933a skipped: Explicitly Rejected
Sat Mar 21 14:50:54 2026 - Task test_task skipped: Review file missing
Sat Mar 21 14:50:54 2026 - Task 20260321_938dbbbc skipped: Review file missing
Sat Mar 21 14:50:55 2026 - Task 20260319_8b601803 skipped: Review file missing
Sat Mar 21 14:50:55 2026 - Task 20260320_d321d756 skipped: Review file missing
Sat Mar 21 14:50:55 2026 - Task 20260321_bfb389fa skipped: Review file missing
Sat Mar 21 14:50:55 2026 - Task 20260319_70b54477 skipped: Review file missing
Sat Mar 21 14:50:55 2026 - Task test_1774108530 skipped: Explicitly Rejected
Sat Mar 21 21:36:43 2026 - Task fix_test_1774108652 skipped: Explicitly Rejected
Sat Mar 21 21:36:43 2026 - Task 20260319_2af9c34a skipped: Explicitly Rejected
Sat Mar 21 21:36:43 2026 - Task 20260319_f71d1801 skipped: Review file missing
Sat Mar 21 21:36:43 2026 - Task 20260319_89e6912f skipped: Explicitly Rejected
Sat Mar 21 21:36:43 2026 - Task 20260320_ac01556c skipped: Review file missing
Sat Mar 21 21:36:43 2026 - Task test_20260321_abc123 skipped: Review file missing
Sat Mar 21 21:36:43 2026 - Task 20260319_31ae8321 skipped: Review file missing
Sat Mar 21 21:36:43 2026 - Task 20260321_8af3933a skipped: Explicitly Rejected
Sat Mar 21 21:36:43 2026 - Task test_task skipped: Review file missing
Sat Mar 21 21:36:43 2026 - Task 20260321_938dbbbc skipped: Review file missing
Sat Mar 21 21:36:43 2026 - Task 20260319_8b601803 skipped: Review file missing
Sat Mar 21 21:36:44 2026 - Task 20260321_bfb389fa skipped: Review file missing
Sat Mar 21 21:36:44 2026 - Task 20260319_70b54477 skipped: Review file missing
Sat Mar 21 21:36:44 2026 - Task test_1774108530 skipped: Explicitly Rejected
Sat Mar 21 22:15:10 2026 - Task fix_test_1774108652 skipped: Explicitly Rejected
Sat Mar 21 22:15:10 2026 - Task 20260319_2af9c34a skipped: Explicitly Rejected
Sat Mar 21 22:15:10 2026 - Task 20260319_f71d1801 skipped: Review file missing
Sat Mar 21 22:15:10 2026 - Task 20260319_89e6912f skipped: Explicitly Rejected
Sat Mar 21 22:15:10 2026 - Task 20260320_ac01556c skipped: Review file missing
Sat Mar 21 22:15:10 2026 - Task test_20260321_abc123 skipped: Review file missing
Sat Mar 21 22:15:10 2026 - Task 20260319_31ae8321 skipped: Review file missing
Sat Mar 21 22:15:10 2026 - Task 20260321_8af3933a skipped: Explicitly Rejected
Sat Mar 21 22:15:10 2026 - Task test_task skipped: Review file missing
Sat Mar 21 22:15:10 2026 - Task 20260321_938dbbbc skipped: Review file missing
Sat Mar 21 22:15:10 2026 - Task 20260321_bfb389fa skipped: Review file missing
Sat Mar 21 22:15:10 2026 - Task 20260319_70b54477 skipped: Review file missing
Sat Mar 21 22:15:10 2026 - Task test_1774108530 skipped: Explicitly Rejected
Sat Mar 21 22:28:46 2026 - Task fix_test_1774108652 skipped: Explicitly Rejected
Sat Mar 21 22:28:46 2026 - Task 20260319_2af9c34a skipped: Explicitly Rejected
Sat Mar 21 22:28:46 2026 - Task 20260319_f71d1801 skipped: Review file missing
Sat Mar 21 22:28:46 2026 - Task 20260319_89e6912f skipped: Explicitly Rejected
Sat Mar 21 22:28:46 2026 - Task 20260320_ac01556c skipped: Review file missing
Sat Mar 21 22:28:47 2026 - Task 20260319_31ae8321 skipped: Review file missing
Sat Mar 21 22:28:47 2026 - Task 20260321_8af3933a skipped: Explicitly Rejected
Sat Mar 21 22:28:47 2026 - Task test_task skipped: Review file missing
Sat Mar 21 22:28:47 2026 - Task 20260321_938dbbbc skipped: Review file missing
Sat Mar 21 22:28:47 2026 - Task 20260321_bfb389fa skipped: Review file missing
Sat Mar 21 22:28:47 2026 - Task test_enhancer_kimi skipped: Review file missing
Sat Mar 21 22:28:47 2026 - Task 20260319_70b54477 skipped: Review file missing
Sat Mar 21 22:28:47 2026 - Task test_1774108530 skipped: Explicitly Rejected
Sat Mar 21 22:51:16 2026 - Task test_premium_ui skipped: Review file missing
Sat Mar 21 22:51:16 2026 - Task fix_test_1774108652 skipped: Explicitly Rejected
Sat Mar 21 22:51:16 2026 - Task 20260319_2af9c34a skipped: Explicitly Rejected
Sat Mar 21 22:51:16 2026 - Task 20260319_f71d1801 skipped: Review file missing
Sat Mar 21 22:51:16 2026 - Task 20260319_89e6912f skipped: Explicitly Rejected
Sat Mar 21 22:51:16 2026 - Task 20260320_ac01556c skipped: Review file missing
Sat Mar 21 22:51:16 2026 - Task 20260319_31ae8321 skipped: Review file missing
Sat Mar 21 22:51:16 2026 - Task 20260321_8af3933a skipped: Explicitly Rejected
Sat Mar 21 22:51:16 2026 - Task test_task skipped: Review file missing
Sat Mar 21 22:51:17 2026 - Task 20260321_bfb389fa skipped: Review file missing
Sat Mar 21 22:51:17 2026 - Task test_enhancer_kimi skipped: Review file missing
Sat Mar 21 22:51:17 2026 - Task 20260319_70b54477 skipped: Review file missing
Sat Mar 21 22:51:17 2026 - Task test_1774108530 skipped: Explicitly Rejected
Sat Mar 21 22:51:42 2026 - Task test_premium_ui skipped: Review file missing
Sat Mar 21 22:51:42 2026 - Task fix_test_1774108652 skipped: Explicitly Rejected
Sat Mar 21 22:51:42 2026 - Task 20260319_2af9c34a skipped: Explicitly Rejected
Sat Mar 21 22:51:42 2026 - Task 20260319_f71d1801 skipped: Review file missing
Sat Mar 21 22:51:42 2026 - Task 20260319_89e6912f skipped: Explicitly Rejected
Sat Mar 21 22:51:42 2026 - Task 20260320_ac01556c skipped: Review file missing
Sat Mar 21 22:51:42 2026 - Task 20260319_31ae8321 skipped: Review file missing
Sat Mar 21 22:51:42 2026 - Task 20260321_8af3933a skipped: Explicitly Rejected
Sat Mar 21 22:51:42 2026 - Task test_task skipped: Review file missing
Sat Mar 21 22:51:42 2026 - Task 20260321_bfb389fa skipped: Review file missing
Sat Mar 21 22:51:42 2026 - Task test_enhancer_kimi skipped: Review file missing
Sat Mar 21 22:51:42 2026 - Task 20260319_70b54477 skipped: Review file missing
Sat Mar 21 22:51:42 2026 - Task test_1774108530 skipped: Explicitly Rejected
Sat Mar 21 23:41:42 2026 - Task test_premium_ui skipped: Review file missing
Sat Mar 21 23:41:42 2026 - Task fix_test_1774108652 skipped: Explicitly Rejected
Sat Mar 21 23:41:42 2026 - Task 20260319_2af9c34a skipped: Explicitly Rejected
Sat Mar 21 23:41:42 2026 - Task 20260319_f71d1801 skipped: Review file missing
Sat Mar 21 23:41:42 2026 - Task 20260319_89e6912f skipped: Explicitly Rejected
Sat Mar 21 23:41:42 2026 - Task 20260320_ac01556c skipped: Review file missing
Sat Mar 21 23:41:42 2026 - Task 20260319_31ae8321 skipped: Review file missing
Sat Mar 21 23:41:42 2026 - Task 20260321_8af3933a skipped: Explicitly Rejected
Sat Mar 21 23:41:42 2026 - Task test_task skipped: Review file missing
Sat Mar 21 23:41:42 2026 - Task 20260321_bfb389fa skipped: Review file missing
Sat Mar 21 23:41:42 2026 - Task test_enhancer_kimi skipped: Review file missing
Sat Mar 21 23:41:42 2026 - Task 20260319_70b54477 skipped: Review file missing
Sat Mar 21 23:41:42 2026 - Task test_1774108530 skipped: Explicitly Rejected
Sat Mar 21 23:46:47 2026 - Task test_premium_ui skipped: Review file missing
Sat Mar 21 23:46:47 2026 - Task fix_test_1774108652 skipped: Explicitly Rejected
Sat Mar 21 23:46:47 2026 - Task 20260319_2af9c34a skipped: Explicitly Rejected
Sat Mar 21 23:46:47 2026 - Task 20260319_f71d1801 skipped: Review file missing
Sat Mar 21 23:46:47 2026 - Task 20260319_89e6912f skipped: Explicitly Rejected
Sat Mar 21 23:46:47 2026 - Task 20260320_ac01556c skipped: Review file missing
Sat Mar 21 23:46:47 2026 - Task 20260319_31ae8321 skipped: Review file missing
Sat Mar 21 23:46:47 2026 - Task 20260321_8af3933a skipped: Explicitly Rejected
Sat Mar 21 23:46:47 2026 - Task test_task skipped: Review file missing
Sat Mar 21 23:46:47 2026 - Task 20260321_bfb389fa skipped: Review file missing
Sat Mar 21 23:46:47 2026 - Task test_enhancer_kimi skipped: Review file missing
Sat Mar 21 23:46:47 2026 - Task 20260319_70b54477 skipped: Review file missing
Sat Mar 21 23:46:47 2026 - Task test_1774108530 skipped: Explicitly Rejected
