[Thu Mar 19 00:24:29 2026] Wrote 20260319_280769b4 successfully
[Thu Mar 19 01:33:06 2026] Wrote 20260319_31ae8321 successfully
[Thu Mar 19 01:33:17 2026] Wrote 20260319_70b54477 successfully
[Thu Mar 19 04:00:37 2026] Wrote 20260319_f71d1801 successfully
[Thu Mar 19 08:01:04 2026] Wrote 20260319_2af9c34a successfully
[Thu Mar 19 08:24:22 2026] Wrote 20260319_89e6912f successfully
[Thu Mar 19 08:24:37 2026] Wrote 20260319_7ad48ee8 successfully
[Thu Mar 19 08:24:52 2026] Wrote 20260319_8b601803 successfully
[Fri Mar 20 04:00:44 2026] Wrote 20260320_d321d756 successfully
[Fri Mar 20 09:00:21 2026] Wrote 20260320_ac01556c successfully
[Sat Mar 21 00:42:41 2026] Wrote 20260321_938dbbbc successfully
[Sat Mar 21 04:00:37 2026] Wrote 20260321_c41b4ad5 successfully
[Sat Mar 21 09:00:07 2026] Wrote 20260321_bfb389fa successfully
[Sat Mar 21 10:47:51 2026] Wrote 20260321_bfb389fa successfully
[Sat Mar 21 10:48:01 2026] Wrote 20260321_ba99cd4b successfully
[Sat Mar 21 11:47:13 2026] Wrote test_task successfully
[Sat Mar 21 11:50:22 2026] Wrote test_20260321_abc123 successfully
[Sat Mar 21 11:51:53 2026] Wrote 20260321_8af3933a successfully
[Sat Mar 21 11:58:37 2026] Wrote fix_test_1774108652 successfully
[Sat Mar 21 11:58:49 2026] Wrote test_1774108530 successfully
[Sat Mar 21 12:32:59 2026] Wrote test_topic.env_management successfully
[Sat Mar 21 12:54:58 2026] Wrote 20260321_e2e_test_cors successfully
[Sat Mar 21 12:55:12 2026] Wrote 20260321_a6b320ca successfully
[Sat Mar 21 13:25:44 2026] Wrote 20260321_ae816679 successfully
[Sat Mar 21 14:47:49 2026] Wrote test_20260321_e2e001 successfully
[Sun Mar 22 08:01:50 2026] Wrote 20260322_94236865 successfully
[Sun Mar 22 08:02:00 2026] Wrote 20260322_8f096bb8 successfully
[Sun Mar 22 08:10:52 2026] Wrote 20260322_8ebcaaab successfully
Failed review for 20260322_8ebcaaab: [Errno 2] No such file or directory: 'openclaw'
