DEBUG: Found file /home/dingw/opsecforge-tools/ai-seo/queue/publish_ready/20260319_31ae8321.json
DEBUG: Processing 20260319_31ae8321
Failed 20260319_31ae8321: [Errno 2] No such file or directory: '/home/dingw/opsecforge-tools/ai-seo/queue/draft_ready/20260319_31ae8321.md'
DEBUG: Found file /home/dingw/opsecforge-tools/ai-seo/queue/publish_ready/20260319_70b54477.ai_review.json
DEBUG: Processing 20260319_70b54477.ai_review
Failed 20260319_70b54477.ai_review: expected str, bytes or os.PathLike object, not NoneType
DEBUG: Found file /home/dingw/opsecforge-tools/ai-seo/queue/publish_ready/20260319_31ae8321.ai_review.json
DEBUG: Processing 20260319_31ae8321.ai_review
Failed 20260319_31ae8321.ai_review: expected str, bytes or os.PathLike object, not NoneType
DEBUG: Found file /home/dingw/opsecforge-tools/ai-seo/queue/publish_ready/20260319_70b54477.json
DEBUG: Processing 20260319_70b54477
Failed 20260319_70b54477: [Errno 2] No such file or directory: '/home/dingw/opsecforge-tools/ai-seo/queue/draft_ready/20260319_70b54477.md'
DEBUG: Found file /home/dingw/opsecforge-tools/ai-seo/queue/publish_ready/20260319_f71d1801.json
DEBUG: Processing 20260319_f71d1801
Failed 20260319_f71d1801: [Errno 2] No such file or directory: '/home/dingw/opsecforge-tools/ai-seo/queue/draft_ready/20260319_f71d1801.md'
DEBUG: Found file /home/dingw/opsecforge-tools/ai-seo/queue/publish_ready/20260319_31ae8321.json
DEBUG: Processing 20260319_31ae8321
Failed 20260319_31ae8321: [Errno 2] No such file or directory: '/home/dingw/opsecforge-tools/ai-seo/queue/draft_ready/20260319_31ae8321.md'
DEBUG: Found file /home/dingw/opsecforge-tools/ai-seo/queue/publish_ready/20260319_70b54477.ai_review.json
DEBUG: Processing 20260319_70b54477.ai_review
Failed 20260319_70b54477.ai_review: expected str, bytes or os.PathLike object, not NoneType
DEBUG: Found file /home/dingw/opsecforge-tools/ai-seo/queue/publish_ready/20260319_31ae8321.ai_review.json
DEBUG: Processing 20260319_31ae8321.ai_review
Failed 20260319_31ae8321.ai_review: expected str, bytes or os.PathLike object, not NoneType
DEBUG: Found file /home/dingw/opsecforge-tools/ai-seo/queue/publish_ready/20260319_70b54477.json
DEBUG: Processing 20260319_70b54477
Failed 20260319_70b54477: [Errno 2] No such file or directory: '/home/dingw/opsecforge-tools/ai-seo/queue/draft_ready/20260319_70b54477.md'
DEBUG: Found file /home/dingw/opsecforge-tools/ai-seo/queue/publish_ready/20260319_f71d1801.ai_review.json
DEBUG: Processing 20260319_f71d1801.ai_review
Failed 20260319_f71d1801.ai_review: expected str, bytes or os.PathLike object, not NoneType
DEBUG: Found file /home/dingw/opsecforge-tools/ai-seo/queue/publish_ready/20260319_f71d1801.json
DEBUG: Processing 20260319_f71d1801
Failed 20260319_f71d1801: [Errno 2] No such file or directory: '/home/dingw/opsecforge-tools/ai-seo/queue/draft_ready/20260319_f71d1801.md'
DEBUG: Found file /home/dingw/opsecforge-tools/ai-seo/queue/publish_ready/20260319_31ae8321.json
DEBUG: Processing 20260319_31ae8321
Failed 20260319_31ae8321: [Errno 2] No such file or directory: '/home/dingw/opsecforge-tools/ai-seo/queue/draft_ready/20260319_31ae8321.md'
DEBUG: Found file /home/dingw/opsecforge-tools/ai-seo/queue/publish_ready/20260319_70b54477.ai_review.json
DEBUG: Processing 20260319_70b54477.ai_review
Failed 20260319_70b54477.ai_review: expected str, bytes or os.PathLike object, not NoneType
DEBUG: Found file /home/dingw/opsecforge-tools/ai-seo/queue/publish_ready/20260319_31ae8321.ai_review.json
DEBUG: Processing 20260319_31ae8321.ai_review
Failed 20260319_31ae8321.ai_review: expected str, bytes or os.PathLike object, not NoneType
DEBUG: Found file /home/dingw/opsecforge-tools/ai-seo/queue/publish_ready/20260319_70b54477.json
DEBUG: Processing 20260319_70b54477
Failed 20260319_70b54477: [Errno 2] No such file or directory: '/home/dingw/opsecforge-tools/ai-seo/queue/draft_ready/20260319_70b54477.md'
DEBUG: Found file /home/dingw/opsecforge-tools/ai-seo/queue/publish_ready/20260319_f71d1801.ai_review.json
DEBUG: Processing 20260319_f71d1801.ai_review
Failed 20260319_f71d1801.ai_review: expected str, bytes or os.PathLike object, not NoneType
DEBUG: Found file /home/dingw/opsecforge-tools/ai-seo/queue/publish_ready/20260319_f71d1801.json
DEBUG: Processing 20260319_f71d1801
Failed 20260319_f71d1801: [Errno 2] No such file or directory: '/home/dingw/opsecforge-tools/ai-seo/queue/draft_ready/20260319_f71d1801.md'
DEBUG: Found file /home/dingw/opsecforge-tools/ai-seo/queue/publish_ready/20260319_31ae8321.json
DEBUG: Processing 20260319_31ae8321
Failed 20260319_31ae8321: [Errno 2] No such file or directory: '/home/dingw/opsecforge-tools/ai-seo/queue/draft_ready/20260319_31ae8321.md'
DEBUG: Found file /home/dingw/opsecforge-tools/ai-seo/queue/publish_ready/20260319_70b54477.ai_review.json
DEBUG: Processing 20260319_70b54477.ai_review
Failed 20260319_70b54477.ai_review: expected str, bytes or os.PathLike object, not NoneType
DEBUG: Found file /home/dingw/opsecforge-tools/ai-seo/queue/publish_ready/20260319_31ae8321.ai_review.json
DEBUG: Processing 20260319_31ae8321.ai_review
Failed 20260319_31ae8321.ai_review: expected str, bytes or os.PathLike object, not NoneType
DEBUG: Found file /home/dingw/opsecforge-tools/ai-seo/queue/publish_ready/20260319_70b54477.json
DEBUG: Processing 20260319_70b54477
Failed 20260319_70b54477: [Errno 2] No such file or directory: '/home/dingw/opsecforge-tools/ai-seo/queue/draft_ready/20260319_70b54477.md'
DEBUG: Found file /home/dingw/opsecforge-tools/ai-seo/queue/publish_ready/20260319_f71d1801.ai_review.json
DEBUG: Processing 20260319_f71d1801.ai_review
Failed 20260319_f71d1801.ai_review: expected str, bytes or os.PathLike object, not NoneType
DEBUG: Found file /home/dingw/opsecforge-tools/ai-seo/queue/publish_ready/20260319_f71d1801.json
DEBUG: Processing 20260319_f71d1801
Failed 20260319_f71d1801: [Errno 2] No such file or directory: '/home/dingw/opsecforge-tools/ai-seo/queue/draft_ready/20260319_f71d1801.md'
DEBUG: Found file /home/dingw/opsecforge-tools/ai-seo/queue/publish_ready/20260319_31ae8321.json
DEBUG: Processing 20260319_31ae8321
Failed 20260319_31ae8321: [Errno 2] No such file or directory: '/home/dingw/opsecforge-tools/ai-seo/queue/draft_ready/20260319_31ae8321.md'
DEBUG: Found file /home/dingw/opsecforge-tools/ai-seo/queue/publish_ready/20260319_70b54477.ai_review.json
DEBUG: Processing 20260319_70b54477.ai_review
Failed 20260319_70b54477.ai_review: expected str, bytes or os.PathLike object, not NoneType
DEBUG: Found file /home/dingw/opsecforge-tools/ai-seo/queue/publish_ready/20260319_31ae8321.ai_review.json
DEBUG: Processing 20260319_31ae8321.ai_review
Failed 20260319_31ae8321.ai_review: expected str, bytes or os.PathLike object, not NoneType
DEBUG: Found file /home/dingw/opsecforge-tools/ai-seo/queue/publish_ready/20260319_70b54477.json
DEBUG: Processing 20260319_70b54477
Failed 20260319_70b54477: [Errno 2] No such file or directory: '/home/dingw/opsecforge-tools/ai-seo/queue/draft_ready/20260319_70b54477.md'
DEBUG: Found file /home/dingw/opsecforge-tools/ai-seo/queue/publish_ready/20260319_f71d1801.ai_review.json
DEBUG: Processing 20260319_f71d1801.ai_review
Failed 20260319_f71d1801.ai_review: expected str, bytes or os.PathLike object, not NoneType
DEBUG: Found file /home/dingw/opsecforge-tools/ai-seo/queue/publish_ready/20260319_f71d1801.json
DEBUG: Processing 20260319_f71d1801
Failed 20260319_f71d1801: [Errno 2] No such file or directory: '/home/dingw/opsecforge-tools/ai-seo/queue/draft_ready/20260319_f71d1801.md'
DEBUG: Found file /home/dingw/opsecforge-tools/ai-seo/queue/publish_ready/20260319_31ae8321.json
DEBUG: Processing 20260319_31ae8321
Failed 20260319_31ae8321: [Errno 2] No such file or directory: '/home/dingw/opsecforge-tools/ai-seo/queue/draft_ready/20260319_31ae8321.md'
DEBUG: Found file /home/dingw/opsecforge-tools/ai-seo/queue/publish_ready/20260319_70b54477.ai_review.json
DEBUG: Processing 20260319_70b54477.ai_review
Failed 20260319_70b54477.ai_review: expected str, bytes or os.PathLike object, not NoneType
DEBUG: Found file /home/dingw/opsecforge-tools/ai-seo/queue/publish_ready/20260319_31ae8321.ai_review.json
DEBUG: Processing 20260319_31ae8321.ai_review
Failed 20260319_31ae8321.ai_review: expected str, bytes or os.PathLike object, not NoneType
DEBUG: Found file /home/dingw/opsecforge-tools/ai-seo/queue/publish_ready/20260319_70b54477.json
DEBUG: Processing 20260319_70b54477
Failed 20260319_70b54477: [Errno 2] No such file or directory: '/home/dingw/opsecforge-tools/ai-seo/queue/draft_ready/20260319_70b54477.md'
DEBUG: Found file /home/dingw/opsecforge-tools/ai-seo/queue/publish_ready/20260319_f71d1801.ai_review.json
DEBUG: Processing 20260319_f71d1801.ai_review
Failed 20260319_f71d1801.ai_review: expected str, bytes or os.PathLike object, not NoneType
DEBUG: Found file /home/dingw/opsecforge-tools/ai-seo/queue/publish_ready/20260319_f71d1801.json
DEBUG: Processing 20260319_f71d1801
Failed 20260319_f71d1801: [Errno 2] No such file or directory: '/home/dingw/opsecforge-tools/ai-seo/queue/draft_ready/20260319_f71d1801.md'
DEBUG: Found file /home/dingw/opsecforge-tools/ai-seo/queue/publish_ready/20260319_31ae8321.json
DEBUG: Processing 20260319_31ae8321
Failed 20260319_31ae8321: [Errno 2] No such file or directory: '/home/dingw/opsecforge-tools/ai-seo/queue/draft_ready/20260319_31ae8321.md'
DEBUG: Found file /home/dingw/opsecforge-tools/ai-seo/queue/publish_ready/20260319_70b54477.ai_review.json
DEBUG: Processing 20260319_70b54477.ai_review
Failed 20260319_70b54477.ai_review: expected str, bytes or os.PathLike object, not NoneType
DEBUG: Found file /home/dingw/opsecforge-tools/ai-seo/queue/publish_ready/20260319_31ae8321.ai_review.json
DEBUG: Processing 20260319_31ae8321.ai_review
Failed 20260319_31ae8321.ai_review: expected str, bytes or os.PathLike object, not NoneType
DEBUG: Found file /home/dingw/opsecforge-tools/ai-seo/queue/publish_ready/20260319_70b54477.json
DEBUG: Processing 20260319_70b54477
Failed 20260319_70b54477: [Errno 2] No such file or directory: '/home/dingw/opsecforge-tools/ai-seo/queue/draft_ready/20260319_70b54477.md'
DEBUG: Found file /home/dingw/opsecforge-tools/ai-seo/queue/publish_ready/20260319_f71d1801.ai_review.json
DEBUG: Processing 20260319_f71d1801.ai_review
Failed 20260319_f71d1801.ai_review: expected str, bytes or os.PathLike object, not NoneType
DEBUG: Found file /home/dingw/opsecforge-tools/ai-seo/queue/publish_ready/20260319_f71d1801.json
DEBUG: Processing 20260319_f71d1801
Failed 20260319_f71d1801: [Errno 2] No such file or directory: '/home/dingw/opsecforge-tools/ai-seo/queue/draft_ready/20260319_f71d1801.md'
DEBUG: Found file /home/dingw/opsecforge-tools/ai-seo/queue/publish_ready/20260319_31ae8321.json
DEBUG: Processing 20260319_31ae8321
Failed 20260319_31ae8321: [Errno 2] No such file or directory: '/home/dingw/opsecforge-tools/ai-seo/queue/draft_ready/20260319_31ae8321.md'
DEBUG: Found file /home/dingw/opsecforge-tools/ai-seo/queue/publish_ready/20260319_70b54477.ai_review.json
DEBUG: Processing 20260319_70b54477.ai_review
Failed 20260319_70b54477.ai_review: expected str, bytes or os.PathLike object, not NoneType
DEBUG: Found file /home/dingw/opsecforge-tools/ai-seo/queue/publish_ready/20260319_31ae8321.ai_review.json
DEBUG: Processing 20260319_31ae8321.ai_review
Failed 20260319_31ae8321.ai_review: expected str, bytes or os.PathLike object, not NoneType
DEBUG: Found file /home/dingw/opsecforge-tools/ai-seo/queue/publish_ready/20260319_70b54477.json
DEBUG: Processing 20260319_70b54477
Failed 20260319_70b54477: [Errno 2] No such file or directory: '/home/dingw/opsecforge-tools/ai-seo/queue/draft_ready/20260319_70b54477.md'
DEBUG: Found file /home/dingw/opsecforge-tools/ai-seo/queue/draft_ready/20260319_2af9c34a.json
DEBUG: Processing 20260319_2af9c34a
DEBUG: Found file /home/dingw/opsecforge-tools/ai-seo/queue/draft_ready/20260319_f71d1801.json
DEBUG: Processing 20260319_f71d1801
DEBUG: Found file /home/dingw/opsecforge-tools/ai-seo/queue/publish_ready/20260319_f71d1801.ai_review.json
DEBUG: Processing 20260319_f71d1801.ai_review
Failed 20260319_f71d1801.ai_review: expected str, bytes or os.PathLike object, not NoneType
DEBUG: Found file /home/dingw/opsecforge-tools/ai-seo/queue/publish_ready/20260319_31ae8321.json
DEBUG: Processing 20260319_31ae8321
Failed 20260319_31ae8321: [Errno 2] No such file or directory: '/home/dingw/opsecforge-tools/ai-seo/queue/draft_ready/20260319_31ae8321.md'
DEBUG: Found file /home/dingw/opsecforge-tools/ai-seo/queue/publish_ready/20260319_70b54477.ai_review.json
DEBUG: Processing 20260319_70b54477.ai_review
Failed 20260319_70b54477.ai_review: expected str, bytes or os.PathLike object, not NoneType
DEBUG: Found file /home/dingw/opsecforge-tools/ai-seo/queue/publish_ready/20260319_31ae8321.ai_review.json
DEBUG: Processing 20260319_31ae8321.ai_review
Failed 20260319_31ae8321.ai_review: expected str, bytes or os.PathLike object, not NoneType
DEBUG: Found file /home/dingw/opsecforge-tools/ai-seo/queue/publish_ready/20260319_70b54477.json
DEBUG: Processing 20260319_70b54477
Failed 20260319_70b54477: [Errno 2] No such file or directory: '/home/dingw/opsecforge-tools/ai-seo/queue/draft_ready/20260319_70b54477.md'
DEBUG: Found file /home/dingw/opsecforge-tools/ai-seo/queue/draft_ready/20260319_8b601803.json
DEBUG: Lock failed for 20260319_8b601803
DEBUG: Found file /home/dingw/opsecforge-tools/ai-seo/queue/publish_ready/20260319_f71d1801.ai_review.json
DEBUG: Processing 20260319_f71d1801.ai_review
Failed 20260319_f71d1801.ai_review: expected str, bytes or os.PathLike object, not NoneType
DEBUG: Found file /home/dingw/opsecforge-tools/ai-seo/queue/publish_ready/20260319_2af9c34a.json
DEBUG: Processing 20260319_2af9c34a
Failed 20260319_2af9c34a: [Errno 2] No such file or directory: '/home/dingw/opsecforge-tools/ai-seo/queue/draft_ready/20260319_2af9c34a.md'
DEBUG: Found file /home/dingw/opsecforge-tools/ai-seo/queue/publish_ready/20260319_f71d1801.json
DEBUG: Processing 20260319_f71d1801
Failed 20260319_f71d1801: [Errno 2] No such file or directory: '/home/dingw/opsecforge-tools/ai-seo/queue/draft_ready/20260319_f71d1801.md'
DEBUG: Found file /home/dingw/opsecforge-tools/ai-seo/queue/publish_ready/20260319_89e6912f.json
DEBUG: Processing 20260319_89e6912f
Failed 20260319_89e6912f: [Errno 2] No such file or directory: '/home/dingw/opsecforge-tools/ai-seo/queue/draft_ready/20260319_89e6912f.md'
DEBUG: Found file /home/dingw/opsecforge-tools/ai-seo/queue/publish_ready/20260319_7ad48ee8.json
DEBUG: Processing 20260319_7ad48ee8
Failed 20260319_7ad48ee8: [Errno 2] No such file or directory: '/home/dingw/opsecforge-tools/ai-seo/queue/draft_ready/20260319_7ad48ee8.md'
DEBUG: Found file /home/dingw/opsecforge-tools/ai-seo/queue/publish_ready/20260319_31ae8321.json
DEBUG: Processing 20260319_31ae8321
Failed 20260319_31ae8321: [Errno 2] No such file or directory: '/home/dingw/opsecforge-tools/ai-seo/queue/draft_ready/20260319_31ae8321.md'
DEBUG: Found file /home/dingw/opsecforge-tools/ai-seo/queue/publish_ready/20260319_2af9c34a.ai_review.json
DEBUG: Processing 20260319_2af9c34a.ai_review
Failed 20260319_2af9c34a.ai_review: expected str, bytes or os.PathLike object, not NoneType
DEBUG: Found file /home/dingw/opsecforge-tools/ai-seo/queue/publish_ready/20260319_70b54477.ai_review.json
DEBUG: Processing 20260319_70b54477.ai_review
Failed 20260319_70b54477.ai_review: expected str, bytes or os.PathLike object, not NoneType
DEBUG: Found file /home/dingw/opsecforge-tools/ai-seo/queue/publish_ready/20260319_31ae8321.ai_review.json
DEBUG: Processing 20260319_31ae8321.ai_review
Failed 20260319_31ae8321.ai_review: expected str, bytes or os.PathLike object, not NoneType
DEBUG: Found file /home/dingw/opsecforge-tools/ai-seo/queue/publish_ready/20260319_70b54477.json
DEBUG: Processing 20260319_70b54477
Failed 20260319_70b54477: [Errno 2] No such file or directory: '/home/dingw/opsecforge-tools/ai-seo/queue/draft_ready/20260319_70b54477.md'
DEBUG: Found file /home/dingw/opsecforge-tools/ai-seo/queue/draft_ready/20260319_8b601803.json
DEBUG: Processing 20260319_8b601803
DEBUG: Found file /home/dingw/opsecforge-tools/ai-seo/queue/publish_ready/20260319_f71d1801.ai_review.json
DEBUG: Processing 20260319_f71d1801.ai_review
Failed 20260319_f71d1801.ai_review: expected str, bytes or os.PathLike object, not NoneType
DEBUG: Found file /home/dingw/opsecforge-tools/ai-seo/queue/publish_ready/20260319_2af9c34a.json
DEBUG: Processing 20260319_2af9c34a
Failed 20260319_2af9c34a: [Errno 2] No such file or directory: '/home/dingw/opsecforge-tools/ai-seo/queue/draft_ready/20260319_2af9c34a.md'
DEBUG: Found file /home/dingw/opsecforge-tools/ai-seo/queue/publish_ready/20260319_f71d1801.json
DEBUG: Processing 20260319_f71d1801
Failed 20260319_f71d1801: [Errno 2] No such file or directory: '/home/dingw/opsecforge-tools/ai-seo/queue/draft_ready/20260319_f71d1801.md'
DEBUG: Found file /home/dingw/opsecforge-tools/ai-seo/queue/publish_ready/20260319_89e6912f.json
DEBUG: Processing 20260319_89e6912f
Failed 20260319_89e6912f: [Errno 2] No such file or directory: '/home/dingw/opsecforge-tools/ai-seo/queue/draft_ready/20260319_89e6912f.md'
DEBUG: Found file /home/dingw/opsecforge-tools/ai-seo/queue/publish_ready/20260319_31ae8321.json
DEBUG: Processing 20260319_31ae8321
Failed 20260319_31ae8321: [Errno 2] No such file or directory: '/home/dingw/opsecforge-tools/ai-seo/queue/draft_ready/20260319_31ae8321.md'
DEBUG: Found file /home/dingw/opsecforge-tools/ai-seo/queue/publish_ready/20260319_2af9c34a.ai_review.json
DEBUG: Processing 20260319_2af9c34a.ai_review
Failed 20260319_2af9c34a.ai_review: expected str, bytes or os.PathLike object, not NoneType
DEBUG: Found file /home/dingw/opsecforge-tools/ai-seo/queue/publish_ready/20260319_70b54477.ai_review.json
DEBUG: Processing 20260319_70b54477.ai_review
Failed 20260319_70b54477.ai_review: expected str, bytes or os.PathLike object, not NoneType
DEBUG: Found file /home/dingw/opsecforge-tools/ai-seo/queue/publish_ready/20260319_89e6912f.ai_review.json
DEBUG: Processing 20260319_89e6912f.ai_review
Failed 20260319_89e6912f.ai_review: expected str, bytes or os.PathLike object, not NoneType
DEBUG: Found file /home/dingw/opsecforge-tools/ai-seo/queue/publish_ready/20260319_31ae8321.ai_review.json
DEBUG: Processing 20260319_31ae8321.ai_review
Failed 20260319_31ae8321.ai_review: expected str, bytes or os.PathLike object, not NoneType
DEBUG: Found file /home/dingw/opsecforge-tools/ai-seo/queue/publish_ready/20260319_8b601803.ai_review.json
DEBUG: Processing 20260319_8b601803.ai_review
Failed 20260319_8b601803.ai_review: expected str, bytes or os.PathLike object, not NoneType
DEBUG: Found file /home/dingw/opsecforge-tools/ai-seo/queue/publish_ready/20260319_7ad48ee8.ai_review.json
DEBUG: Processing 20260319_7ad48ee8.ai_review
Failed 20260319_7ad48ee8.ai_review: expected str, bytes or os.PathLike object, not NoneType
DEBUG: Found file /home/dingw/opsecforge-tools/ai-seo/queue/publish_ready/20260319_70b54477.json
DEBUG: Processing 20260319_70b54477
Failed 20260319_70b54477: [Errno 2] No such file or directory: '/home/dingw/opsecforge-tools/ai-seo/queue/draft_ready/20260319_70b54477.md'
DEBUG: Found file /home/dingw/opsecforge-tools/ai-seo/queue/publish_ready/20260319_f71d1801.ai_review.json
DEBUG: Processing 20260319_f71d1801.ai_review
Failed 20260319_f71d1801.ai_review: expected str, bytes or os.PathLike object, not NoneType
DEBUG: Found file /home/dingw/opsecforge-tools/ai-seo/queue/publish_ready/20260319_2af9c34a.json
DEBUG: Processing 20260319_2af9c34a
Failed 20260319_2af9c34a: [Errno 2] No such file or directory: '/home/dingw/opsecforge-tools/ai-seo/queue/draft_ready/20260319_2af9c34a.md'
DEBUG: Found file /home/dingw/opsecforge-tools/ai-seo/queue/publish_ready/20260319_f71d1801.json
DEBUG: Processing 20260319_f71d1801
Failed 20260319_f71d1801: [Errno 2] No such file or directory: '/home/dingw/opsecforge-tools/ai-seo/queue/draft_ready/20260319_f71d1801.md'
DEBUG: Found file /home/dingw/opsecforge-tools/ai-seo/queue/publish_ready/20260319_89e6912f.json
DEBUG: Processing 20260319_89e6912f
Failed 20260319_89e6912f: [Errno 2] No such file or directory: '/home/dingw/opsecforge-tools/ai-seo/queue/draft_ready/20260319_89e6912f.md'
DEBUG: Found file /home/dingw/opsecforge-tools/ai-seo/queue/publish_ready/20260319_31ae8321.json
DEBUG: Processing 20260319_31ae8321
Failed 20260319_31ae8321: [Errno 2] No such file or directory: '/home/dingw/opsecforge-tools/ai-seo/queue/draft_ready/20260319_31ae8321.md'
DEBUG: Found file /home/dingw/opsecforge-tools/ai-seo/queue/publish_ready/20260319_8b601803.json
DEBUG: Processing 20260319_8b601803
Failed 20260319_8b601803: [Errno 2] No such file or directory: '/home/dingw/opsecforge-tools/ai-seo/queue/draft_ready/20260319_8b601803.md'
DEBUG: Found file /home/dingw/opsecforge-tools/ai-seo/queue/publish_ready/20260319_2af9c34a.ai_review.json
DEBUG: Processing 20260319_2af9c34a.ai_review
Failed 20260319_2af9c34a.ai_review: expected str, bytes or os.PathLike object, not NoneType
DEBUG: Found file /home/dingw/opsecforge-tools/ai-seo/queue/publish_ready/20260319_70b54477.ai_review.json
DEBUG: Processing 20260319_70b54477.ai_review
Failed 20260319_70b54477.ai_review: expected str, bytes or os.PathLike object, not NoneType
DEBUG: Found file /home/dingw/opsecforge-tools/ai-seo/queue/publish_ready/20260319_89e6912f.ai_review.json
DEBUG: Processing 20260319_89e6912f.ai_review
Failed 20260319_89e6912f.ai_review: expected str, bytes or os.PathLike object, not NoneType
DEBUG: Found file /home/dingw/opsecforge-tools/ai-seo/queue/publish_ready/20260319_31ae8321.ai_review.json
DEBUG: Processing 20260319_31ae8321.ai_review
Failed 20260319_31ae8321.ai_review: expected str, bytes or os.PathLike object, not NoneType
DEBUG: Found file /home/dingw/opsecforge-tools/ai-seo/queue/publish_ready/20260319_8b601803.ai_review.json
DEBUG: Processing 20260319_8b601803.ai_review
Failed 20260319_8b601803.ai_review: expected str, bytes or os.PathLike object, not NoneType
DEBUG: Found file /home/dingw/opsecforge-tools/ai-seo/queue/publish_ready/20260319_7ad48ee8.ai_review.json
DEBUG: Processing 20260319_7ad48ee8.ai_review
Failed 20260319_7ad48ee8.ai_review: expected str, bytes or os.PathLike object, not NoneType
DEBUG: Found file /home/dingw/opsecforge-tools/ai-seo/queue/publish_ready/20260319_70b54477.json
DEBUG: Processing 20260319_70b54477
Failed 20260319_70b54477: [Errno 2] No such file or directory: '/home/dingw/opsecforge-tools/ai-seo/queue/draft_ready/20260319_70b54477.md'
DEBUG: Found file /home/dingw/opsecforge-tools/ai-seo/queue/publish_ready/20260319_f71d1801.ai_review.json
DEBUG: Processing 20260319_f71d1801.ai_review
Failed 20260319_f71d1801.ai_review: expected str, bytes or os.PathLike object, not NoneType
DEBUG: Found file /home/dingw/opsecforge-tools/ai-seo/queue/publish_ready/20260319_2af9c34a.json
DEBUG: Processing 20260319_2af9c34a
Failed 20260319_2af9c34a: [Errno 2] No such file or directory: '/home/dingw/opsecforge-tools/ai-seo/queue/draft_ready/20260319_2af9c34a.md'
DEBUG: Found file /home/dingw/opsecforge-tools/ai-seo/queue/publish_ready/20260319_f71d1801.json
DEBUG: Processing 20260319_f71d1801
Failed 20260319_f71d1801: [Errno 2] No such file or directory: '/home/dingw/opsecforge-tools/ai-seo/queue/draft_ready/20260319_f71d1801.md'
DEBUG: Found file /home/dingw/opsecforge-tools/ai-seo/queue/publish_ready/20260319_89e6912f.json
DEBUG: Processing 20260319_89e6912f
Failed 20260319_89e6912f: [Errno 2] No such file or directory: '/home/dingw/opsecforge-tools/ai-seo/queue/draft_ready/20260319_89e6912f.md'
DEBUG: Found file /home/dingw/opsecforge-tools/ai-seo/queue/publish_ready/20260319_31ae8321.json
DEBUG: Processing 20260319_31ae8321
Failed 20260319_31ae8321: [Errno 2] No such file or directory: '/home/dingw/opsecforge-tools/ai-seo/queue/draft_ready/20260319_31ae8321.md'
DEBUG: Found file /home/dingw/opsecforge-tools/ai-seo/queue/publish_ready/20260319_8b601803.json
DEBUG: Processing 20260319_8b601803
Failed 20260319_8b601803: [Errno 2] No such file or directory: '/home/dingw/opsecforge-tools/ai-seo/queue/draft_ready/20260319_8b601803.md'
DEBUG: Found file /home/dingw/opsecforge-tools/ai-seo/queue/publish_ready/20260319_2af9c34a.ai_review.json
DEBUG: Processing 20260319_2af9c34a.ai_review
Failed 20260319_2af9c34a.ai_review: expected str, bytes or os.PathLike object, not NoneType
DEBUG: Found file /home/dingw/opsecforge-tools/ai-seo/queue/publish_ready/20260319_70b54477.ai_review.json
DEBUG: Processing 20260319_70b54477.ai_review
Failed 20260319_70b54477.ai_review: expected str, bytes or os.PathLike object, not NoneType
DEBUG: Found file /home/dingw/opsecforge-tools/ai-seo/queue/publish_ready/20260319_89e6912f.ai_review.json
DEBUG: Processing 20260319_89e6912f.ai_review
Failed 20260319_89e6912f.ai_review: expected str, bytes or os.PathLike object, not NoneType
DEBUG: Found file /home/dingw/opsecforge-tools/ai-seo/queue/publish_ready/20260319_31ae8321.ai_review.json
DEBUG: Processing 20260319_31ae8321.ai_review
Failed 20260319_31ae8321.ai_review: expected str, bytes or os.PathLike object, not NoneType
DEBUG: Found file /home/dingw/opsecforge-tools/ai-seo/queue/publish_ready/20260319_8b601803.ai_review.json
DEBUG: Processing 20260319_8b601803.ai_review
Failed 20260319_8b601803.ai_review: expected str, bytes or os.PathLike object, not NoneType
DEBUG: Found file /home/dingw/opsecforge-tools/ai-seo/queue/publish_ready/20260319_7ad48ee8.ai_review.json
DEBUG: Processing 20260319_7ad48ee8.ai_review
Failed 20260319_7ad48ee8.ai_review: expected str, bytes or os.PathLike object, not NoneType
DEBUG: Found file /home/dingw/opsecforge-tools/ai-seo/queue/publish_ready/20260319_70b54477.json
DEBUG: Processing 20260319_70b54477
Failed 20260319_70b54477: [Errno 2] No such file or directory: '/home/dingw/opsecforge-tools/ai-seo/queue/draft_ready/20260319_70b54477.md'
Processor already running. Skipping.
Processor already running. Skipping.
Processor already running. Skipping.
Processor already running. Skipping.
Processor already running. Skipping.
Processor already running. Skipping.
Processor already running. Skipping.
Processor already running. Skipping.
Processor already running. Skipping.
Processor already running. Skipping.
Processor already running. Skipping.
Processor already running. Skipping.
Processor already running. Skipping.
Processor already running. Skipping.
Processor already running. Skipping.
Processor already running. Skipping.
Processor already running. Skipping.
Processor already running. Skipping.
Processor already running. Skipping.
